<?xml version="1.0" encoding="UTF-8"?>
<!-- Generated by org.testng.reporters.JUnitXMLReporter -->
<testsuite hostname="DeepakVarma" ignored="0" name="Default test" tests="4" failures="0" timestamp="24 Sep 2022 17:00:41 GMT" time="13.7" errors="0">
  <testcase name="homePageTitleTest" time="10.232" classname="com.playwright.test.HomePageTest"/>
  <testcase name="searchItem" time="1.012" classname="com.playwright.test.HomePageTest"/>
  <testcase name="searchItem" time="0.568" classname="com.playwright.test.HomePageTest"/>
  <testcase name="searchItem" time="0.533" classname="com.playwright.test.HomePageTest"/>
</testsuite> <!-- Default test -->
