<?xml version="1.0" encoding="UTF-8"?>
<!-- Generated by org.testng.reporters.JUnitXMLReporter -->
<testsuite hostname="DeepakVarma" ignored="0" name="Default test" tests="4" failures="0" timestamp="06 Aug 2022 07:20:49 GMT" time="12.207" errors="0">
  <testcase name="homePageTitleTest" time="3.994" classname="com.playwright.test.HomePageTest"/>
  <testcase name="searchItem" time="0.9" classname="com.playwright.test.HomePageTest"/>
  <testcase name="searchItem" time="0.931" classname="com.playwright.test.HomePageTest"/>
  <testcase name="searchItem" time="1.208" classname="com.playwright.test.HomePageTest"/>
</testsuite> <!-- Default test -->
