<?xml version="1.0" encoding="UTF-8"?>
<!-- Generated by org.testng.reporters.JUnitXMLReporter -->
<testsuite hostname="DeepakVarma" ignored="0" name="Test" tests="4" failures="0" timestamp="10 Jul 2022 15:17:29 GMT" time="13.843" errors="0">
  <testcase name="homePageTitleTest" time="0.047" classname="com.playwright.test.HomePageTest"/>
  <testcase name="searchItem" time="1.026" classname="com.playwright.test.HomePageTest"/>
  <testcase name="searchItem" time="1.087" classname="com.playwright.test.HomePageTest"/>
  <testcase name="searchItem" time="0.738" classname="com.playwright.test.HomePageTest"/>
</testsuite> <!-- Test -->
