<?xml version="1.0" encoding="UTF-8"?>
<testng-results skipped="0" failed="0" ignored="0" total="4" passed="4">
  <reporter-output>
  </reporter-output>
  <suite name="Default suite" duration-ms="12207" started-at="2022-08-06T07:20:37Z" finished-at="2022-08-06T07:20:49Z">
    <groups>
    </groups>
    <test name="Default test" duration-ms="12207" started-at="2022-08-06T07:20:37Z" finished-at="2022-08-06T07:20:49Z">
      <class name="com.playwright.test.HomePageTest">
        <test-method status="PASS" signature="setup()[pri:0, instance:com.playwright.test.HomePageTest@7823a2f9]" name="setup" is-config="true" duration-ms="4482" started-at="2022-08-06T07:20:37Z" finished-at="2022-08-06T07:20:41Z">
          <reporter-output>
          </reporter-output>
        </test-method> <!-- setup -->
        <test-method status="PASS" signature="homePageTitleTest()[pri:0, instance:com.playwright.test.HomePageTest@7823a2f9]" name="homePageTitleTest" duration-ms="3994" started-at="2022-08-06T07:20:41Z" finished-at="2022-08-06T07:20:45Z">
          <reporter-output>
          </reporter-output>
        </test-method> <!-- homePageTitleTest -->
        <test-method status="PASS" signature="searchItem(java.lang.String)[pri:0, instance:com.playwright.test.HomePageTest@7823a2f9]" name="searchItem" duration-ms="900" started-at="2022-08-06T07:20:45Z" data-provider="doSearchProduct" finished-at="2022-08-06T07:20:46Z">
          <params>
            <param index="0">
              <value>
                <![CDATA[Macbook]]>
              </value>
            </param>
          </params>
          <reporter-output>
          </reporter-output>
        </test-method> <!-- searchItem -->
        <test-method status="PASS" signature="searchItem(java.lang.String)[pri:0, instance:com.playwright.test.HomePageTest@7823a2f9]" name="searchItem" duration-ms="931" started-at="2022-08-06T07:20:46Z" data-provider="doSearchProduct" finished-at="2022-08-06T07:20:47Z">
          <params>
            <param index="0">
              <value>
                <![CDATA[Iphone]]>
              </value>
            </param>
          </params>
          <reporter-output>
          </reporter-output>
        </test-method> <!-- searchItem -->
        <test-method status="PASS" signature="searchItem(java.lang.String)[pri:0, instance:com.playwright.test.HomePageTest@7823a2f9]" name="searchItem" duration-ms="1208" started-at="2022-08-06T07:20:47Z" data-provider="doSearchProduct" finished-at="2022-08-06T07:20:48Z">
          <params>
            <param index="0">
              <value>
                <![CDATA[Samsung]]>
              </value>
            </param>
          </params>
          <reporter-output>
          </reporter-output>
        </test-method> <!-- searchItem -->
        <test-method status="PASS" signature="tearDown()[pri:0, instance:com.playwright.test.HomePageTest@7823a2f9]" name="tearDown" is-config="true" duration-ms="657" started-at="2022-08-06T07:20:48Z" finished-at="2022-08-06T07:20:49Z">
          <reporter-output>
          </reporter-output>
        </test-method> <!-- tearDown -->
      </class> <!-- com.playwright.test.HomePageTest -->
    </test> <!-- Default test -->
  </suite> <!-- Default suite -->
</testng-results>
