<?xml version="1.0" encoding="UTF-8"?>
<testng-results skipped="0" failed="0" ignored="0" total="4" passed="4">
  <reporter-output>
  </reporter-output>
  <suite name="Default suite" duration-ms="13700" started-at="2022-09-24T17:00:27Z" finished-at="2022-09-24T17:00:40Z">
    <groups>
    </groups>
    <test name="Default test" duration-ms="13700" started-at="2022-09-24T17:00:27Z" finished-at="2022-09-24T17:00:40Z">
      <class name="com.playwright.test.HomePageTest">
        <test-method status="PASS" signature="setup()[pri:0, instance:com.playwright.test.HomePageTest@ba54932]" name="setup" is-config="true" duration-ms="13" started-at="2022-09-24T17:00:27Z" finished-at="2022-09-24T17:00:27Z">
          <reporter-output>
          </reporter-output>
        </test-method> <!-- setup -->
        <test-method status="PASS" signature="homePageTitleTest()[pri:0, instance:com.playwright.test.HomePageTest@ba54932]" name="homePageTitleTest" duration-ms="10232" started-at="2022-09-24T17:00:27Z" finished-at="2022-09-24T17:00:37Z">
          <reporter-output>
          </reporter-output>
        </test-method> <!-- homePageTitleTest -->
        <test-method status="PASS" signature="captureScreenshot(org.testng.ITestResult)[pri:0, instance:com.playwright.test.HomePageTest@ba54932]" name="captureScreenshot" is-config="true" duration-ms="3" started-at="2022-09-24T17:00:37Z" finished-at="2022-09-24T17:00:37Z">
          <params>
            <param index="0">
              <value>
                <![CDATA[[TestResult name=homePageTitleTest status=SUCCESS method=HomePageTest.homePageTitleTest()[pri:0, instance:com.playwright.test.HomePageTest@ba54932] output={null}]]]>
              </value>
            </param>
          </params>
          <reporter-output>
          </reporter-output>
        </test-method> <!-- captureScreenshot -->
        <test-method status="PASS" signature="searchItem(java.lang.String)[pri:0, instance:com.playwright.test.HomePageTest@ba54932]" name="searchItem" duration-ms="1012" started-at="2022-09-24T17:00:37Z" data-provider="doSearchProduct" finished-at="2022-09-24T17:00:38Z">
          <params>
            <param index="0">
              <value>
                <![CDATA[Macbook]]>
              </value>
            </param>
          </params>
          <reporter-output>
          </reporter-output>
        </test-method> <!-- searchItem -->
        <test-method status="PASS" signature="captureScreenshot(org.testng.ITestResult)[pri:0, instance:com.playwright.test.HomePageTest@ba54932]" name="captureScreenshot" is-config="true" duration-ms="0" started-at="2022-09-24T17:00:38Z" finished-at="2022-09-24T17:00:38Z">
          <params>
            <param index="0">
              <value>
                <![CDATA[[TestResult name=searchItem status=SUCCESS method=HomePageTest.searchItem(java.lang.String)[pri:0, instance:com.playwright.test.HomePageTest@ba54932] output={null}]]]>
              </value>
            </param>
          </params>
          <reporter-output>
          </reporter-output>
        </test-method> <!-- captureScreenshot -->
        <test-method status="PASS" signature="searchItem(java.lang.String)[pri:0, instance:com.playwright.test.HomePageTest@ba54932]" name="searchItem" duration-ms="568" started-at="2022-09-24T17:00:38Z" data-provider="doSearchProduct" finished-at="2022-09-24T17:00:39Z">
          <params>
            <param index="0">
              <value>
                <![CDATA[Iphone]]>
              </value>
            </param>
          </params>
          <reporter-output>
          </reporter-output>
        </test-method> <!-- searchItem -->
        <test-method status="PASS" signature="captureScreenshot(org.testng.ITestResult)[pri:0, instance:com.playwright.test.HomePageTest@ba54932]" name="captureScreenshot" is-config="true" duration-ms="1" started-at="2022-09-24T17:00:39Z" finished-at="2022-09-24T17:00:39Z">
          <params>
            <param index="0">
              <value>
                <![CDATA[[TestResult name=searchItem status=SUCCESS method=HomePageTest.searchItem(java.lang.String)[pri:0, instance:com.playwright.test.HomePageTest@ba54932] output={null}]]]>
              </value>
            </param>
          </params>
          <reporter-output>
          </reporter-output>
        </test-method> <!-- captureScreenshot -->
        <test-method status="PASS" signature="searchItem(java.lang.String)[pri:0, instance:com.playwright.test.HomePageTest@ba54932]" name="searchItem" duration-ms="533" started-at="2022-09-24T17:00:39Z" data-provider="doSearchProduct" finished-at="2022-09-24T17:00:39Z">
          <params>
            <param index="0">
              <value>
                <![CDATA[Samsung]]>
              </value>
            </param>
          </params>
          <reporter-output>
          </reporter-output>
        </test-method> <!-- searchItem -->
        <test-method status="PASS" signature="captureScreenshot(org.testng.ITestResult)[pri:0, instance:com.playwright.test.HomePageTest@ba54932]" name="captureScreenshot" is-config="true" duration-ms="1" started-at="2022-09-24T17:00:39Z" finished-at="2022-09-24T17:00:39Z">
          <params>
            <param index="0">
              <value>
                <![CDATA[[TestResult name=searchItem status=SUCCESS method=HomePageTest.searchItem(java.lang.String)[pri:0, instance:com.playwright.test.HomePageTest@ba54932] output={null}]]]>
              </value>
            </param>
          </params>
          <reporter-output>
          </reporter-output>
        </test-method> <!-- captureScreenshot -->
        <test-method status="PASS" signature="tearDown()[pri:0, instance:com.playwright.test.HomePageTest@ba54932]" name="tearDown" is-config="true" duration-ms="1266" started-at="2022-09-24T17:00:39Z" finished-at="2022-09-24T17:00:40Z">
          <reporter-output>
          </reporter-output>
        </test-method> <!-- tearDown -->
      </class> <!-- com.playwright.test.HomePageTest -->
    </test> <!-- Default test -->
  </suite> <!-- Default suite -->
</testng-results>
